<?xml version="1.0" encoding="UTF-8"?>
<!-- Generated by org.testng.reporters.JUnitXMLReporter -->
<testsuite ignored="0" hostname="HARI" failures="0" tests="4" name="Default test" time="0.109" errors="0" timestamp="2024-05-03T20:36:21 IST">
  <testcase classname="com.simpletestng.GroupMethod" name="blue" time="0.021"/>
  <testcase classname="com.simpletestng.GroupMethod" name="star" time="0.004"/>
  <testcase classname="com.simpletestng.GroupMethod" name="three" time="0.007"/>
  <testcase classname="com.simpletestng.GroupMethod" name="zero" time="0.006"/>
</testsuite> <!-- Default test -->
