<?xml version="1.0" encoding="UTF-8"?>
<!-- Generated by org.testng.reporters.JUnitXMLReporter -->
<testsuite ignored="0" hostname="HARI" failures="0" tests="8" name="Test" time="34.259" errors="0" timestamp="2024-05-03T22:02:25 IST">
  <testcase classname="com.simpletestng.ParallelMethod" name="url" time="3.199"/>
  <testcase classname="com.simpletestng.GroupMethod" name="Third" time="0.003"/>
  <testcase classname="com.simpletestng.GroupMethod" name="fivth" time="0.001"/>
  <testcase classname="com.simpletestng.GroupMethod" name="fourth" time="0.002"/>
  <testcase classname="com.simpletestng.GroupMethod" name="one" time="0.002"/>
  <testcase classname="com.simpletestng.GroupMethod" name="second" time="0.001"/>
  <testcase classname="com.simpletestng.GroupMethod" name="sixth" time="0.001"/>
  <testcase classname="com.simpletestng.AdactinSingleTestNG" name="function" time="27.819"/>
</testsuite> <!-- Test -->
