<?xml version="1.0" encoding="UTF-8"?>
<testng-results ignored="0" total="8" passed="8" failed="0" skipped="0">
  <reporter-output>
  </reporter-output>
  <suite started-at="2024-05-03T22:01:51 IST" name="Suite" finished-at="2024-05-03T22:02:25 IST" duration-ms="34259">
    <groups>
      <group name="even">
        <method signature="GroupMethod.Third()[pri:0, instance:com.simpletestng.GroupMethod@38cee291]" name="Third" class="com.simpletestng.GroupMethod"/>
        <method signature="GroupMethod.fivth()[pri:0, instance:com.simpletestng.GroupMethod@38cee291]" name="fivth" class="com.simpletestng.GroupMethod"/>
        <method signature="GroupMethod.one()[pri:0, instance:com.simpletestng.GroupMethod@38cee291]" name="one" class="com.simpletestng.GroupMethod"/>
      </group> <!-- even -->
      <group name="odd">
        <method signature="GroupMethod.fourth()[pri:0, instance:com.simpletestng.GroupMethod@38cee291]" name="fourth" class="com.simpletestng.GroupMethod"/>
        <method signature="GroupMethod.second()[pri:0, instance:com.simpletestng.GroupMethod@38cee291]" name="second" class="com.simpletestng.GroupMethod"/>
        <method signature="GroupMethod.sixth()[pri:0, instance:com.simpletestng.GroupMethod@38cee291]" name="sixth" class="com.simpletestng.GroupMethod"/>
      </group> <!-- odd -->
    </groups>
    <test started-at="2024-05-03T22:01:51 IST" name="Test" finished-at="2024-05-03T22:02:25 IST" duration-ms="34259">
      <class name="com.simpletestng.AdactinSingleTestNG">
        <test-method is-config="true" signature="setProperty()[pri:0, instance:com.simpletestng.AdactinSingleTestNG@4686afc2]" started-at="2024-05-03T22:01:51 IST" name="setProperty" finished-at="2024-05-03T22:01:51 IST" duration-ms="8" status="PASS">
          <reporter-output>
          </reporter-output>
        </test-method> <!-- setProperty -->
        <test-method is-config="true" signature="browser()[pri:0, instance:com.simpletestng.AdactinSingleTestNG@4686afc2]" started-at="2024-05-03T22:01:51 IST" name="browser" finished-at="2024-05-03T22:01:53 IST" duration-ms="1525" status="PASS">
          <reporter-output>
          </reporter-output>
        </test-method> <!-- browser -->
        <test-method is-config="true" signature="geturl()[pri:0, instance:com.simpletestng.AdactinSingleTestNG@4686afc2]" started-at="2024-05-03T22:01:53 IST" name="geturl" finished-at="2024-05-03T22:01:56 IST" duration-ms="2185" status="PASS">
          <reporter-output>
          </reporter-output>
        </test-method> <!-- geturl -->
        <test-method is-config="true" signature="signup()[pri:0, instance:com.simpletestng.AdactinSingleTestNG@4686afc2]" started-at="2024-05-03T22:01:56 IST" name="signup" finished-at="2024-05-03T22:01:57 IST" duration-ms="932" status="PASS">
          <reporter-output>
          </reporter-output>
        </test-method> <!-- signup -->
        <test-method signature="function()[pri:0, instance:com.simpletestng.AdactinSingleTestNG@4686afc2]" started-at="2024-05-03T22:01:57 IST" name="function" finished-at="2024-05-03T22:02:24 IST" duration-ms="27819" status="PASS">
          <reporter-output>
          </reporter-output>
        </test-method> <!-- function -->
        <test-method is-config="true" signature="signoff()[pri:0, instance:com.simpletestng.AdactinSingleTestNG@4686afc2]" started-at="2024-05-03T22:02:24 IST" name="signoff" finished-at="2024-05-03T22:02:25 IST" duration-ms="818" status="PASS">
          <reporter-output>
          </reporter-output>
        </test-method> <!-- signoff -->
      </class> <!-- com.simpletestng.AdactinSingleTestNG -->
      <class name="com.simpletestng.GroupMethod">
        <test-method signature="Third()[pri:0, instance:com.simpletestng.GroupMethod@38cee291]" started-at="2024-05-03T22:01:57 IST" name="Third" finished-at="2024-05-03T22:01:57 IST" duration-ms="3" status="PASS">
          <reporter-output>
          </reporter-output>
        </test-method> <!-- Third -->
        <test-method signature="fivth()[pri:0, instance:com.simpletestng.GroupMethod@38cee291]" started-at="2024-05-03T22:01:57 IST" name="fivth" finished-at="2024-05-03T22:01:57 IST" duration-ms="1" status="PASS">
          <reporter-output>
          </reporter-output>
        </test-method> <!-- fivth -->
        <test-method signature="fourth()[pri:0, instance:com.simpletestng.GroupMethod@38cee291]" started-at="2024-05-03T22:01:57 IST" name="fourth" finished-at="2024-05-03T22:01:57 IST" duration-ms="2" status="PASS">
          <reporter-output>
          </reporter-output>
        </test-method> <!-- fourth -->
        <test-method signature="one()[pri:0, instance:com.simpletestng.GroupMethod@38cee291]" started-at="2024-05-03T22:01:57 IST" name="one" finished-at="2024-05-03T22:01:57 IST" duration-ms="2" status="PASS">
          <reporter-output>
          </reporter-output>
        </test-method> <!-- one -->
        <test-method signature="second()[pri:0, instance:com.simpletestng.GroupMethod@38cee291]" started-at="2024-05-03T22:01:57 IST" name="second" finished-at="2024-05-03T22:01:57 IST" duration-ms="1" status="PASS">
          <reporter-output>
          </reporter-output>
        </test-method> <!-- second -->
        <test-method signature="sixth()[pri:0, instance:com.simpletestng.GroupMethod@38cee291]" started-at="2024-05-03T22:01:57 IST" name="sixth" finished-at="2024-05-03T22:01:57 IST" duration-ms="1" status="PASS">
          <reporter-output>
          </reporter-output>
        </test-method> <!-- sixth -->
      </class> <!-- com.simpletestng.GroupMethod -->
      <class name="com.simpletestng.ParallelMethod">
        <test-method is-config="true" signature="property()[pri:0, instance:com.simpletestng.ParallelMethod@7b36aa0c]" started-at="2024-05-03T22:01:51 IST" name="property" finished-at="2024-05-03T22:01:51 IST" duration-ms="0" status="PASS">
          <reporter-output>
          </reporter-output>
        </test-method> <!-- property -->
        <test-method is-config="true" signature="browser()[pri:0, instance:com.simpletestng.ParallelMethod@7b36aa0c]" started-at="2024-05-03T22:01:53 IST" name="browser" finished-at="2024-05-03T22:01:53 IST" duration-ms="952" status="PASS">
          <reporter-output>
          </reporter-output>
        </test-method> <!-- browser -->
        <test-method signature="url()[pri:0, instance:com.simpletestng.ParallelMethod@7b36aa0c]" started-at="2024-05-03T22:01:54 IST" name="url" finished-at="2024-05-03T22:01:57 IST" duration-ms="3199" status="PASS">
          <reporter-output>
          </reporter-output>
        </test-method> <!-- url -->
      </class> <!-- com.simpletestng.ParallelMethod -->
    </test> <!-- Test -->
  </suite> <!-- Suite -->
</testng-results>
